# JRE version: Java(TM) SE Runtime Environment (8.0_60-b27) (build 1.8.0_60-b27)
# Java VM: Java HotSpot(TM) 64-Bit Server VM (25.60-b23 mixed mode windows-amd64 compressed oops)
Heap:
 PSYoungGen      total 72704K, used 48705K [0x00000000eb200000, 0x00000000f0200000, 0x0000000100000000)
  eden space 65024K, 64% used [0x00000000eb200000,0x00000000edaebfe0,0x00000000ef180000)
  from space 7680K, 88% used [0x00000000ef980000,0x00000000f00247a8,0x00000000f0100000)
  to   space 8192K, 0% used [0x00000000ef180000,0x00000000ef180000,0x00000000ef980000)
 ParOldGen       total 44032K, used 15192K [0x00000000c1600000, 0x00000000c4100000, 0x00000000eb200000)
  object space 44032K, 34% used [0x00000000c1600000,0x00000000c24d63d8,0x00000000c4100000)
 Metaspace       used 15223K, capacity 15478K, committed 15872K, reserved 1062912K
  class space    used 1647K, capacity 1729K, committed 1792K, reserved 1048576K
GC Heap History (10 events):
Event: 3.739 GC heap before
{Heap before GC invocations=4 (full 0):
 PSYoungGen      total 18944K, used 18936K [0x00000000eb200000, 0x00000000ec700000, 0x0000000100000000)
  eden space 16384K, 100% used [0x00000000eb200000,0x00000000ec200000,0x00000000ec200000)
  from space 2560K, 99% used [0x00000000ec200000,0x00000000ec47e0b0,0x00000000ec480000)
  to   space 2560K, 0% used [0x00000000ec480000,0x00000000ec480000,0x00000000ec700000)
 ParOldGen       total 44032K, used 9753K [0x00000000c1600000, 0x00000000c4100000, 0x00000000eb200000)
  object space 44032K, 22% used [0x00000000c1600000,0x00000000c1f866e0,0x00000000c4100000)
 Metaspace       used 13170K, capacity 13366K, committed 13696K, reserved 1060864K
  class space    used 1450K, capacity 1537K, committed 1664K, reserved 1048576K
Event: 3.785 GC heap after
Heap after GC invocations=4 (full 0):
 PSYoungGen      total 18944K, used 2547K [0x00000000eb200000, 0x00000000ed700000, 0x0000000100000000)
  eden space 16384K, 0% used [0x00000000eb200000,0x00000000eb200000,0x00000000ec200000)
  from space 2560K, 99% used [0x00000000ec480000,0x00000000ec6fce08,0x00000000ec700000)
  to   space 2560K, 0% used [0x00000000ec200000,0x00000000ec200000,0x00000000ec480000)
 ParOldGen       total 44032K, used 11332K [0x00000000c1600000, 0x00000000c4100000, 0x00000000eb200000)
  object space 44032K, 25% used [0x00000000c1600000,0x00000000c2111298,0x00000000c4100000)
 Metaspace       used 13170K, capacity 13366K, committed 13696K, reserved 1060864K
  class space    used 1450K, capacity 1537K, committed 1664K, reserved 1048576K
}
Event: 3.920 GC heap before
{Heap before GC invocations=5 (full 0):
 PSYoungGen      total 18944K, used 18931K [0x00000000eb200000, 0x00000000ed700000, 0x0000000100000000)
  eden space 16384K, 100% used [0x00000000eb200000,0x00000000ec200000,0x00000000ec200000)
  from space 2560K, 99% used [0x00000000ec480000,0x00000000ec6fce08,0x00000000ec700000)
  to   space 2560K, 0% used [0x00000000ec200000,0x00000000ec200000,0x00000000ec480000)
 ParOldGen       total 44032K, used 11332K [0x00000000c1600000, 0x00000000c4100000, 0x00000000eb200000)
  object space 44032K, 25% used [0x00000000c1600000,0x00000000c2111298,0x00000000c4100000)
 Metaspace       used 13270K, capacity 13494K, committed 13952K, reserved 1060864K
  class space    used 1456K, capacity 1537K, committed 1664K, reserved 1048576K
Event: 3.931 GC heap after
Heap after GC invocations=5 (full 0):
 PSYoungGen      total 18944K, used 2548K [0x00000000eb200000, 0x00000000ee200000, 0x0000000100000000)
  eden space 16384K, 0% used [0x00000000eb200000,0x00000000eb200000,0x00000000ec200000)
  from space 2560K, 99% used [0x00000000ec200000,0x00000000ec47d390,0x00000000ec480000)
  to   space 8192K, 0% used [0x00000000eda00000,0x00000000eda00000,0x00000000ee200000)
 ParOldGen       total 44032K, used 13235K [0x00000000c1600000, 0x00000000c4100000, 0x00000000eb200000)
  object space 44032K, 30% used [0x00000000c1600000,0x00000000c22ecdd8,0x00000000c4100000)
 Metaspace       used 13270K, capacity 13494K, committed 13952K, reserved 1060864K
  class space    used 1456K, capacity 1537K, committed 1664K, reserved 1048576K
}
Event: 3.999 GC heap before
{Heap before GC invocations=6 (full 0):
 PSYoungGen      total 18944K, used 18837K [0x00000000eb200000, 0x00000000ee200000, 0x0000000100000000)
  eden space 16384K, 99% used [0x00000000eb200000,0x00000000ec1e8088,0x00000000ec200000)
  from space 2560K, 99% used [0x00000000ec200000,0x00000000ec47d390,0x00000000ec480000)
  to   space 8192K, 0% used [0x00000000eda00000,0x00000000eda00000,0x00000000ee200000)
 ParOldGen       total 44032K, used 13235K [0x00000000c1600000, 0x00000000c4100000, 0x00000000eb200000)
  object space 44032K, 30% used [0x00000000c1600000,0x00000000c22ecdd8,0x00000000c4100000)
 Metaspace       used 13271K, capacity 13494K, committed 13952K, reserved 1060864K
  class space    used 1456K, capacity 1537K, committed 1664K, reserved 1048576K
Event: 4.010 GC heap after
Heap after GC invocations=6 (full 0):
 PSYoungGen      total 39936K, used 4360K [0x00000000eb200000, 0x00000000ee100000, 0x0000000100000000)
  eden space 32768K, 0% used [0x00000000eb200000,0x00000000eb200000,0x00000000ed200000)
  from space 7168K, 60% used [0x00000000eda00000,0x00000000ede423c8,0x00000000ee100000)
  to   space 7680K, 0% used [0x00000000ed200000,0x00000000ed200000,0x00000000ed980000)
 ParOldGen       total 44032K, used 13235K [0x00000000c1600000, 0x00000000c4100000, 0x00000000eb200000)
  object space 44032K, 30% used [0x00000000c1600000,0x00000000c22ecdd8,0x00000000c4100000)
 Metaspace       used 13271K, capacity 13494K, committed 13952K, reserved 1060864K
  class space    used 1456K, capacity 1537K, committed 1664K, reserved 1048576K
}
Event: 4.363 GC heap before
{Heap before GC invocations=7 (full 0):
 PSYoungGen      total 39936K, used 37118K [0x00000000eb200000, 0x00000000ee100000, 0x0000000100000000)
  eden space 32768K, 99% used [0x00000000eb200000,0x00000000ed1fd6b0,0x00000000ed200000)
  from space 7168K, 60% used [0x00000000eda00000,0x00000000ede423c8,0x00000000ee100000)
  to   space 7680K, 0% used [0x00000000ed200000,0x00000000ed200000,0x00000000ed980000)
 ParOldGen       total 44032K, used 13235K [0x00000000c1600000, 0x00000000c4100000, 0x00000000eb200000)
  object space 44032K, 30% used [0x00000000c1600000,0x00000000c22ecdd8,0x00000000c4100000)
 Metaspace       used 13379K, capacity 13622K, committed 13952K, reserved 1060864K
  class space    used 1457K, capacity 1537K, committed 1664K, reserved 1048576K
Event: 4.382 GC heap after
Heap after GC invocations=7 (full 0):
 PSYoungGen      total 40448K, used 4710K [0x00000000eb200000, 0x00000000f0100000, 0x0000000100000000)
  eden space 32768K, 0% used [0x00000000eb200000,0x00000000eb200000,0x00000000ed200000)
  from space 7680K, 61% used [0x00000000ed200000,0x00000000ed699ad0,0x00000000ed980000)
  to   space 7680K, 0% used [0x00000000ef980000,0x00000000ef980000,0x00000000f0100000)
 ParOldGen       total 44032K, used 14272K [0x00000000c1600000, 0x00000000c4100000, 0x00000000eb200000)
  object space 44032K, 32% used [0x00000000c1600000,0x00000000c23f00e0,0x00000000c4100000)
 Metaspace       used 13379K, capacity 13622K, committed 13952K, reserved 1060864K
  class space    used 1457K, capacity 1537K, committed 1664K, reserved 1048576K
}
Event: 4.805 GC heap before
{Heap before GC invocations=8 (full 0):
 PSYoungGen      total 40448K, used 37478K [0x00000000eb200000, 0x00000000f0100000, 0x0000000100000000)
  eden space 32768K, 100% used [0x00000000eb200000,0x00000000ed200000,0x00000000ed200000)
  from space 7680K, 61% used [0x00000000ed200000,0x00000000ed699ad0,0x00000000ed980000)
  to   space 7680K, 0% used [0x00000000ef980000,0x00000000ef980000,0x00000000f0100000)
 ParOldGen       total 44032K, used 14272K [0x00000000c1600000, 0x00000000c4100000, 0x00000000eb200000)
  object space 44032K, 32% used [0x00000000c1600000,0x00000000c23f00e0,0x00000000c4100000)
 Metaspace       used 13767K, capacity 13942K, committed 14208K, reserved 1062912K
  class space    used 1475K, capacity 1537K, committed 1664K, reserved 1048576K
Event: 4.838 GC heap after
Heap after GC invocations=8 (full 0):
 PSYoungGen      total 72704K, used 6801K [0x00000000eb200000, 0x00000000f0200000, 0x0000000100000000)
  eden space 65024K, 0% used [0x00000000eb200000,0x00000000eb200000,0x00000000ef180000)
  from space 7680K, 88% used [0x00000000ef980000,0x00000000f00247a8,0x00000000f0100000)
  to   space 8192K, 0% used [0x00000000ef180000,0x00000000ef180000,0x00000000ef980000)
 ParOldGen       total 44032K, used 15192K [0x00000000c1600000, 0x00000000c4100000, 0x00000000eb200000)
  object space 44032K, 34% used [0x00000000c1600000,0x00000000c24d63d8,0x00000000c4100000)
 Metaspace       used 13767K, capacity 13942K, committed 14208K, reserved 1062912K
  class space    used 1475K, capacity 1537K, committed 1664K, reserved 1048576K
}

